<?xml version="1.0" encoding="UTF-8"?>
<!-- Generated by org.testng.reporters.JUnitXMLReporter -->
<testsuite ignored="4" hostname="Mahitha" failures="0" tests="1" name="Default test" time="4.464" errors="0" timestamp="2022-09-20T15:47:19 EDT">
  <testcase classname="com.demo.testng.WelcomeTest" name="jewelrytitle" time="0.662"/>
  <testcase classname="com.demo.testng.WelcomeTest" name="menuComputers" time="0.0">
    <ignored/>
  </testcase> <!-- menuComputers -->
  <testcase classname="com.demo.testng.WelcomeTest" name="followUs" time="0.0">
    <ignored/>
  </testcase> <!-- followUs -->
  <testcase classname="com.demo.testng.WelcomeTest" name="menuElectronics" time="0.0">
    <ignored/>
  </testcase> <!-- menuElectronics -->
  <testcase classname="com.demo.testng.WelcomeTest" name="searchItem" time="0.0">
    <ignored/>
  </testcase> <!-- searchItem -->
</testsuite> <!-- Default test -->
