<?xml version="1.0" encoding="UTF-8"?>
<testng-results ignored="4" total="5" passed="1" failed="0" skipped="0">
  <reporter-output>
  </reporter-output>
  <suite started-at="2022-09-20T15:47:15 EDT" name="Default suite" finished-at="2022-09-20T15:47:19 EDT" duration-ms="4464">
    <groups>
    </groups>
    <test started-at="2022-09-20T15:47:15 EDT" name="Default test" finished-at="2022-09-20T15:47:19 EDT" duration-ms="4464">
      <class name="com.demo.testng.WelcomeTest">
        <test-method is-config="true" signature="setUp(java.lang.String)[pri:0, instance:com.demo.testng.WelcomeTest@7c0c77c7]" started-at="2022-09-20T15:47:15 EDT" name="setUp" finished-at="2022-09-20T15:47:18 EDT" duration-ms="3574" status="PASS">
          <params>
            <param index="0">
              <value>
                <![CDATA[chrome]]>
              </value>
            </param>
          </params>
          <reporter-output>
          </reporter-output>
        </test-method> <!-- setUp -->
        <test-method signature="jewelrytitle()[pri:0, instance:com.demo.testng.WelcomeTest@7c0c77c7]" started-at="2022-09-20T15:47:18 EDT" name="jewelrytitle" finished-at="2022-09-20T15:47:19 EDT" duration-ms="662" status="PASS">
          <reporter-output>
          </reporter-output>
        </test-method> <!-- jewelrytitle -->
        <test-method is-config="true" signature="closeBrowser()[pri:0, instance:com.demo.testng.WelcomeTest@7c0c77c7]" started-at="2022-09-20T15:47:19 EDT" name="closeBrowser" finished-at="2022-09-20T15:47:19 EDT" duration-ms="191" status="PASS">
          <reporter-output>
          </reporter-output>
        </test-method> <!-- closeBrowser -->
      </class> <!-- com.demo.testng.WelcomeTest -->
    </test> <!-- Default test -->
  </suite> <!-- Default suite -->
</testng-results>
