<?xml version="1.0" encoding="UTF-8"?>
<!-- Generated by org.testng.reporters.JUnitXMLReporter -->
<testsuite ignored="3" hostname="Mahitha" failures="0" tests="3" name="Test" time="4.082" errors="0" timestamp="2022-08-22T09:09:25 EDT">
  <testcase classname="rahulshettytestwebsite.Fruit" name="mango" time="0.009"/>
  <testcase classname="rahulshettytestwebsite.Animal" name="fox" time="0.002"/>
  <testcase classname="rahulshettytestwebsite.Animal" name="lion" time="0.002"/>
  <testcase classname="rahulshettytestwebsite.Fruit" name="orange" time="0.0">
    <ignored/>
  </testcase> <!-- orange -->
  <testcase classname="rahulshettytestwebsite.Animal" name="tiger" time="0.0">
    <ignored/>
  </testcase> <!-- tiger -->
  <testcase classname="rahulshettytestwebsite.Fruit" name="apple" time="0.0">
    <ignored/>
  </testcase> <!-- apple -->
</testsuite> <!-- Test -->
