<?xml version="1.0" encoding="UTF-8"?>
<testng-results ignored="0" total="2" passed="2" failed="0" skipped="0">
  <reporter-output>
  </reporter-output>
  <suite started-at="2022-09-06T12:45:30 EDT" name="Suite" finished-at="2022-09-06T12:45:35 EDT" duration-ms="5216">
    <groups>
    </groups>
    <test started-at="2022-09-06T12:45:30 EDT" name="Test" finished-at="2022-09-06T12:45:35 EDT" duration-ms="5216">
      <class name="simple.SampleTwo">
        <test-method signature="simple2()[pri:0, instance:simple.SampleTwo@6295d394]" started-at="2022-09-06T12:45:30 EDT" name="simple2" finished-at="2022-09-06T12:45:33 EDT" duration-ms="3019" status="PASS">
          <reporter-output>
          </reporter-output>
        </test-method> <!-- simple2 -->
      </class> <!-- simple.SampleTwo -->
      <class name="simple.SampleOne">
        <test-method signature="simple1()[pri:0, instance:simple.SampleOne@475e586c]" started-at="2022-09-06T12:45:33 EDT" name="simple1" finished-at="2022-09-06T12:45:35 EDT" duration-ms="2164" status="PASS">
          <reporter-output>
          </reporter-output>
        </test-method> <!-- simple1 -->
      </class> <!-- simple.SampleOne -->
    </test> <!-- Test -->
  </suite> <!-- Suite -->
</testng-results>
