<?xml version="1.0" encoding="UTF-8"?>
<testng-results ignored="0" total="2" passed="2" failed="0" skipped="0">
  <reporter-output>
  </reporter-output>
  <suite started-at="2022-09-06T12:44:04 EDT" name="Suite" finished-at="2022-09-06T12:44:10 EDT" duration-ms="5271">
    <groups>
    </groups>
    <test started-at="2022-09-06T12:44:04 EDT" name="Test" finished-at="2022-09-06T12:44:10 EDT" duration-ms="5271">
      <class name="simple.SampleTwo">
        <test-method signature="simple2()[pri:0, instance:simple.SampleTwo@6ce139a4]" started-at="2022-09-06T12:44:04 EDT" name="simple2" finished-at="2022-09-06T12:44:08 EDT" duration-ms="3227" status="PASS">
          <reporter-output>
          </reporter-output>
        </test-method> <!-- simple2 -->
      </class> <!-- simple.SampleTwo -->
      <class name="simple.SampleOne">
        <test-method signature="simple1()[pri:0, instance:simple.SampleOne@6973bf95]" started-at="2022-09-06T12:44:08 EDT" name="simple1" finished-at="2022-09-06T12:44:10 EDT" duration-ms="1993" status="PASS">
          <reporter-output>
          </reporter-output>
        </test-method> <!-- simple1 -->
      </class> <!-- simple.SampleOne -->
    </test> <!-- Test -->
  </suite> <!-- Suite -->
</testng-results>
